2020-10-25 19:01:41.290742672
cpu  300444 1781 85086 5918982 111531 0 943 0 0 0
cpu0 76112 218 21136 1491220 15504 0 484 0 0 0
cpu1 74747 1009 20696 1451874 56439 0 162 0 0 0
cpu2 73776 373 22041 1485734 21852 0 18 0 0 0
cpu3 75808 180 21212 1490151 17734 0 277 0 0 0
2020-10-25 19:01:41.495378647
cpu  300449 1781 85087 5919059 111531 0 943 0 0 0
cpu0 76113 218 21136 1491240 15504 0 484 0 0 0
cpu1 74748 1009 20696 1451893 56439 0 162 0 0 0
cpu2 73778 373 22041 1485753 21852 0 18 0 0 0
cpu3 75809 180 21212 1490171 17734 0 277 0 0 0
2020-10-25 19:01:41.699953958
cpu  300452 1781 85089 5919136 111531 0 943 0 0 0
cpu0 76113 218 21137 1491260 15504 0 484 0 0 0
cpu1 74750 1009 20697 1451912 56439 0 162 0 0 0
cpu2 73778 373 22041 1485772 21852 0 18 0 0 0
cpu3 75810 180 21212 1490190 17734 0 277 0 0 0
2020-10-25 19:01:41.904537324
cpu  300455 1781 85090 5919214 111531 0 943 0 0 0
cpu0 76114 218 21137 1491280 15504 0 484 0 0 0
cpu1 74751 1009 20698 1451932 56439 0 162 0 0 0
cpu2 73779 373 22042 1485791 21852 0 18 0 0 0
cpu3 75810 180 21212 1490210 17734 0 277 0 0 0
2020-10-25 19:01:42.109132296
cpu  300457 1781 85090 5919293 111531 0 943 0 0 0
cpu0 76114 218 21137 1491300 15504 0 484 0 0 0
cpu1 74752 1009 20698 1451952 56439 0 162 0 0 0
cpu2 73779 373 22042 1485811 21852 0 18 0 0 0
cpu3 75811 180 21212 1490229 17734 0 277 0 0 0
2020-10-25 19:01:42.313725496
cpu  300461 1781 85090 5919371 111531 0 943 0 0 0
cpu0 76115 218 21137 1491319 15504 0 484 0 0 0
cpu1 74753 1009 20698 1451971 56439 0 162 0 0 0
cpu2 73780 373 22042 1485831 21852 0 18 0 0 0
cpu3 75812 180 21213 1490249 17734 0 277 0 0 0
2020-10-25 19:01:42.518308391
cpu  300466 1781 85092 5919448 111531 0 943 0 0 0
cpu0 76115 218 21137 1491338 15504 0 484 0 0 0
cpu1 74756 1009 20699 1451990 56439 0 162 0 0 0
cpu2 73781 373 22042 1485850 21852 0 18 0 0 0
cpu3 75813 180 21213 1490269 17734 0 277 0 0 0
2020-10-25 19:01:42.722950794
cpu  300468 1781 85094 5919520 111537 0 943 0 0 0
cpu0 76116 218 21138 1491357 15504 0 484 0 0 0
cpu1 74756 1009 20699 1452010 56439 0 162 0 0 0
cpu2 73782 373 22043 1485867 21856 0 18 0 0 0
cpu3 75814 180 21214 1490285 17737 0 277 0 0 0
2020-10-25 19:01:42.927601239
cpu  300470 1781 85095 5919599 111537 0 943 0 0 0
cpu0 76116 218 21138 1491377 15504 0 484 0 0 0
cpu1 74756 1009 20699 1452029 56439 0 162 0 0 0
cpu2 73782 373 22044 1485886 21856 0 18 0 0 0
cpu3 75814 180 21214 1490305 17737 0 277 0 0 0
2020-10-25 19:01:43.132218951
cpu  300471 1781 85096 5919677 111537 0 943 0 0 0
cpu0 76117 218 21138 1491396 15504 0 484 0 0 0
cpu1 74756 1009 20699 1452049 56439 0 162 0 0 0
cpu2 73782 373 22044 1485906 21856 0 18 0 0 0
cpu3 75815 180 21214 1490325 17737 0 277 0 0 0
2020-10-25 19:01:43.336790504
cpu  300472 1781 85097 5919756 111537 0 943 0 0 0
cpu0 76118 218 21138 1491416 15504 0 484 0 0 0
cpu1 74756 1009 20699 1452069 56439 0 162 0 0 0
cpu2 73782 373 22045 1485926 21856 0 18 0 0 0
cpu3 75815 180 21214 1490345 17737 0 277 0 0 0
2020-10-25 19:01:43.541451660
cpu  300476 1781 85098 5919823 111547 0 943 0 0 0
cpu0 76118 218 21138 1491435 15504 0 484 0 0 0
cpu1 74757 1009 20699 1452084 56443 0 162 0 0 0
cpu2 73784 373 22045 1485944 21856 0 18 0 0 0
cpu3 75816 180 21214 1490358 17743 0 277 0 0 0
2020-10-25 19:01:43.745882742
cpu  300476 1781 85099 5919892 111557 0 943 0 0 0
cpu0 76118 218 21139 1491455 15504 0 484 0 0 0
cpu1 74757 1009 20699 1452103 56445 0 162 0 0 0
cpu2 73784 373 22045 1485963 21856 0 18 0 0 0
cpu3 75816 180 21214 1490370 17751 0 277 0 0 0
2020-10-25 19:01:43.950453748
cpu  300479 1781 85101 5919970 111557 0 943 0 0 0
cpu0 76119 218 21140 1491474 15504 0 484 0 0 0
cpu1 74757 1009 20700 1452122 56445 0 162 0 0 0
cpu2 73785 373 22046 1485982 21856 0 18 0 0 0
cpu3 75816 180 21215 1490390 17751 0 277 0 0 0
2020-10-25 19:01:44.154980370
cpu  300480 1781 85104 5920049 111557 0 943 0 0 0
cpu0 76119 218 21140 1491494 15504 0 484 0 0 0
cpu1 74757 1009 20700 1452142 56445 0 162 0 0 0
cpu2 73786 373 22046 1486002 21856 0 18 0 0 0
cpu3 75816 180 21216 1490410 17751 0 277 0 0 0
2020-10-25 19:01:44.359612140
cpu  300482 1781 85104 5920128 111557 0 943 0 0 0
cpu0 76120 218 21140 1491514 15504 0 484 0 0 0
cpu1 74758 1009 20700 1452162 56445 0 162 0 0 0
cpu2 73786 373 22046 1486021 21856 0 18 0 0 0
cpu3 75817 180 21216 1490429 17751 0 277 0 0 0
2020-10-25 19:01:44.564221647
cpu  300484 1781 85105 5920206 111557 0 943 0 0 0
cpu0 76120 218 21140 1491534 15504 0 484 0 0 0
cpu1 74758 1009 20701 1452181 56445 0 162 0 0 0
cpu2 73787 373 22046 1486041 21856 0 18 0 0 0
cpu3 75818 180 21217 1490449 17751 0 277 0 0 0
2020-10-25 19:01:44.768830397
cpu  300486 1781 85106 5920283 111557 0 943 0 0 0
cpu0 76120 218 21140 1491553 15504 0 484 0 0 0
cpu1 74758 1009 20701 1452201 56445 0 162 0 0 0
cpu2 73788 373 22047 1486060 21856 0 18 0 0 0
cpu3 75819 180 21217 1490468 17751 0 277 0 0 0
2020-10-25 19:01:44.973432865
cpu  300489 1781 85107 5920362 111557 0 943 0 0 0
cpu0 76121 218 21140 1491573 15504 0 484 0 0 0
cpu1 74758 1009 20702 1452221 56445 0 162 0 0 0
cpu2 73789 373 22048 1486080 21856 0 18 0 0 0
cpu3 75820 180 21217 1490487 17751 0 277 0 0 0
2020-10-25 19:01:45.177978748
cpu  300490 1781 85108 5920441 111557 0 943 0 0 0
cpu0 76121 218 21140 1491593 15504 0 484 0 0 0
cpu1 74758 1009 20702 1452240 56445 0 162 0 0 0
cpu2 73790 373 22048 1486100 21856 0 18 0 0 0
cpu3 75820 180 21217 1490507 17751 0 277 0 0 0
2020-10-25 19:01:45.382495940
cpu  300495 1781 85109 5920516 111559 0 943 0 0 0
cpu0 76121 218 21141 1491613 15504 0 484 0 0 0
cpu1 74761 1009 20702 1452258 56445 0 162 0 0 0
cpu2 73790 373 22048 1486119 21856 0 18 0 0 0
cpu3 75821 180 21218 1490524 17754 0 277 0 0 0
2020-10-25 19:01:45.587125376
cpu  300499 1781 85110 5920593 111559 0 943 0 0 0
cpu0 76122 218 21141 1491632 15504 0 484 0 0 0
cpu1 74762 1009 20702 1452278 56445 0 162 0 0 0
cpu2 73792 373 22048 1486138 21856 0 18 0 0 0
cpu3 75822 180 21218 1490544 17754 0 277 0 0 0
2020-10-25 19:01:45.791763823
cpu  300501 1781 85110 5920671 111559 0 943 0 0 0
cpu0 76122 218 21142 1491652 15504 0 484 0 0 0
cpu1 74763 1009 20702 1452297 56445 0 162 0 0 0
cpu2 73793 373 22048 1486157 21856 0 18 0 0 0
cpu3 75822 180 21218 1490563 17754 0 277 0 0 0
2020-10-25 19:01:45.996295068
cpu  300503 1781 85111 5920750 111559 0 943 0 0 0
cpu0 76122 218 21142 1491672 15504 0 484 0 0 0
cpu1 74763 1009 20702 1452316 56445 0 162 0 0 0
cpu2 73794 373 22048 1486177 21856 0 18 0 0 0
cpu3 75822 180 21218 1490583 17754 0 277 0 0 0
2020-10-25 19:01:46.200923729
cpu  300505 1781 85113 5920828 111559 0 943 0 0 0
cpu0 76122 218 21142 1491691 15504 0 484 0 0 0
cpu1 74763 1009 20702 1452336 56445 0 162 0 0 0
cpu2 73796 373 22049 1486196 21856 0 18 0 0 0
cpu3 75823 180 21219 1490603 17754 0 277 0 0 0
2020-10-25 19:01:46.405467175
cpu  300506 1781 85115 5920907 111559 0 943 0 0 0
cpu0 76122 218 21143 1491711 15504 0 484 0 0 0
cpu1 74763 1009 20702 1452357 56445 0 162 0 0 0
cpu2 73796 373 22050 1486216 21856 0 18 0 0 0
cpu3 75824 180 21219 1490622 17754 0 277 0 0 0
2020-10-25 19:01:46.610102970
cpu  300509 1781 85117 5920986 111559 0 943 0 0 0
cpu0 76123 218 21144 1491730 15504 0 484 0 0 0
cpu1 74764 1009 20702 1452376 56445 0 162 0 0 0
cpu2 73796 373 22051 1486236 21856 0 18 0 0 0
cpu3 75825 180 21219 1490642 17754 0 277 0 0 0
2020-10-25 19:01:46.814762833
cpu  300513 1781 85119 5921062 111559 0 943 0 0 0
cpu0 76124 218 21144 1491749 15504 0 484 0 0 0
cpu1 74764 1009 20703 1452396 56445 0 162 0 0 0
cpu2 73797 373 22051 1486254 21856 0 18 0 0 0
cpu3 75826 180 21220 1490661 17754 0 277 0 0 0
2020-10-25 19:01:47.019274223
cpu  300515 1781 85119 5921141 111559 0 943 0 0 0
cpu0 76125 218 21144 1491769 15504 0 484 0 0 0
cpu1 74765 1009 20703 1452415 56445 0 162 0 0 0
cpu2 73798 373 22051 1486274 21856 0 18 0 0 0
cpu3 75826 180 21220 1490681 17754 0 277 0 0 0
2020-10-25 19:01:47.223814423
cpu  300516 1781 85120 5921220 111559 0 943 0 0 0
cpu0 76125 218 21144 1491789 15504 0 484 0 0 0
cpu1 74766 1009 20703 1452435 56445 0 162 0 0 0
cpu2 73798 373 22051 1486294 21856 0 18 0 0 0
cpu3 75826 180 21220 1490701 17754 0 277 0 0 0
2020-10-25 19:01:47.428382092
cpu  300518 1781 85121 5921299 111559 0 943 0 0 0
cpu0 76125 218 21144 1491809 15504 0 484 0 0 0
cpu1 74766 1009 20703 1452455 56445 0 162 0 0 0
cpu2 73798 373 22051 1486313 21856 0 18 0 0 0
cpu3 75828 180 21221 1490721 17754 0 277 0 0 0
2020-10-25 19:01:47.632957809
cpu  300520 1781 85121 5921378 111559 0 943 0 0 0
cpu0 76126 218 21144 1491829 15504 0 484 0 0 0
cpu1 74766 1009 20703 1452475 56445 0 162 0 0 0
cpu2 73799 373 22051 1486333 21856 0 18 0 0 0
cpu3 75828 180 21221 1490740 17754 0 277 0 0 0
2020-10-25 19:01:47.837496994
cpu  300524 1781 85122 5921454 111559 0 943 0 0 0
cpu0 76126 218 21145 1491848 15504 0 484 0 0 0
cpu1 74766 1009 20703 1452494 56445 0 162 0 0 0
cpu2 73801 373 22051 1486351 21856 0 18 0 0 0
cpu3 75830 180 21221 1490759 17754 0 277 0 0 0
2020-10-25 19:01:48.042073525
cpu  300526 1781 85123 5921532 111559 0 943 0 0 0
cpu0 76126 218 21145 1491868 15504 0 484 0 0 0
cpu1 74767 1009 20704 1452513 56445 0 162 0 0 0
cpu2 73801 373 22052 1486371 21856 0 18 0 0 0
cpu3 75830 180 21221 1490779 17754 0 277 0 0 0
2020-10-25 19:01:48.246610545
cpu  300527 1781 85124 5921612 111559 0 943 0 0 0
cpu0 76127 218 21145 1491888 15504 0 484 0 0 0
cpu1 74767 1009 20704 1452534 56445 0 162 0 0 0
cpu2 73802 373 22052 1486390 21856 0 18 0 0 0
cpu3 75830 180 21222 1490799 17754 0 277 0 0 0
2020-10-25 19:01:48.451136378
cpu  300528 1781 85125 5921691 111559 0 943 0 0 0
cpu0 76128 218 21146 1491907 15504 0 484 0 0 0
cpu1 74767 1009 20704 1452553 56445 0 162 0 0 0
cpu2 73802 373 22052 1486410 21856 0 18 0 0 0
cpu3 75830 180 21222 1490819 17754 0 277 0 0 0
2020-10-25 19:01:48.655886582
cpu  300530 1781 85126 5921770 111559 0 943 0 0 0
cpu0 76128 218 21146 1491926 15504 0 484 0 0 0
cpu1 74768 1009 20705 1452573 56445 0 162 0 0 0
cpu2 73802 373 22052 1486430 21856 0 18 0 0 0
cpu3 75831 180 21222 1490839 17754 0 277 0 0 0
2020-10-25 19:01:48.860501301
cpu  300532 1781 85126 5921848 111559 0 943 0 0 0
cpu0 76129 218 21146 1491946 15504 0 484 0 0 0
cpu1 74768 1009 20705 1452593 56445 0 162 0 0 0
cpu2 73802 373 22052 1486449 21856 0 18 0 0 0
cpu3 75832 180 21222 1490858 17754 0 277 0 0 0
2020-10-25 19:01:49.065077210
cpu  300534 1781 85128 5921927 111559 0 943 0 0 0
cpu0 76130 218 21146 1491966 15504 0 484 0 0 0
cpu1 74768 1009 20705 1452613 56445 0 162 0 0 0
cpu2 73802 373 22053 1486469 21856 0 18 0 0 0
cpu3 75832 180 21222 1490878 17754 0 277 0 0 0
2020-10-25 19:01:49.269714718
cpu  300534 1781 85128 5922006 111559 0 943 0 0 0
cpu0 76130 218 21146 1491985 15504 0 484 0 0 0
cpu1 74768 1009 20705 1452633 56445 0 162 0 0 0
cpu2 73802 373 22054 1486488 21856 0 18 0 0 0
cpu3 75832 180 21222 1490898 17754 0 277 0 0 0
2020-10-25 19:01:49.474242934
cpu  300535 1781 85129 5922086 111559 0 943 0 0 0
cpu0 76130 218 21146 1492005 15504 0 484 0 0 0
cpu1 74769 1009 20706 1452653 56445 0 162 0 0 0
cpu2 73803 373 22054 1486508 21856 0 18 0 0 0
cpu3 75833 180 21222 1490918 17754 0 277 0 0 0
2020-10-25 19:01:49.678783723
cpu  300537 1781 85130 5922164 111559 0 943 0 0 0
cpu0 76130 218 21146 1492025 15504 0 484 0 0 0
cpu1 74769 1009 20706 1452672 56445 0 162 0 0 0
cpu2 73803 373 22054 1486528 21856 0 18 0 0 0
cpu3 75834 180 21222 1490938 17754 0 277 0 0 0
2020-10-25 19:01:49.882744086
cpu  300553 1781 85134 5922225 111559 0 943 0 0 0
cpu0 76132 218 21147 1492042 15504 0 484 0 0 0
cpu1 74774 1009 20708 1452686 56445 0 162 0 0 0
cpu2 73809 373 22054 1486542 21856 0 18 0 0 0
cpu3 75836 180 21224 1490954 17754 0 277 0 0 0
2020-10-25 19:01:50.085552958
cpu  300582 1781 85146 5922266 111559 0 943 0 0 0
cpu0 76136 218 21150 1492056 15504 0 484 0 0 0
cpu1 74789 1009 20714 1452686 56445 0 162 0 0 0
cpu2 73814 373 22056 1486555 21856 0 18 0 0 0
cpu3 75841 180 21226 1490967 17754 0 277 0 0 0
2020-10-25 19:01:50.288409129
cpu  300611 1781 85156 5922307 111559 0 943 0 0 0
cpu0 76141 218 21152 1492069 15504 0 484 0 0 0
cpu1 74804 1009 20719 1452686 56445 0 162 0 0 0
cpu2 73818 373 22057 1486569 21856 0 18 0 0 0
cpu3 75846 180 21227 1490981 17754 0 277 0 0 0
2020-10-25 19:01:50.492105829
cpu  300621 1781 85160 5922372 111562 0 943 0 0 0
cpu0 76143 218 21152 1492088 15504 0 484 0 0 0
cpu1 74808 1009 20720 1452702 56445 0 162 0 0 0
cpu2 73822 373 22058 1486583 21859 0 18 0 0 0
cpu3 75847 180 21228 1490998 17754 0 277 0 0 0
2020-10-25 19:01:50.696677457
cpu  300624 1781 85160 5922451 111562 0 943 0 0 0
cpu0 76144 218 21153 1492107 15504 0 484 0 0 0
cpu1 74809 1009 20720 1452721 56445 0 162 0 0 0
cpu2 73822 373 22058 1486603 21859 0 18 0 0 0
cpu3 75848 180 21228 1491018 17754 0 277 0 0 0
2020-10-25 19:01:50.901322103
cpu  300626 1781 85161 5922528 111562 0 943 0 0 0
cpu0 76144 218 21153 1492127 15504 0 484 0 0 0
cpu1 74810 1009 20720 1452740 56445 0 162 0 0 0
cpu2 73822 373 22059 1486622 21859 0 18 0 0 0
cpu3 75849 180 21228 1491037 17754 0 277 0 0 0
2020-10-25 19:01:51.105892892
cpu  300630 1781 85162 5922606 111562 0 943 0 0 0
cpu0 76146 218 21153 1492146 15504 0 484 0 0 0
cpu1 74810 1009 20720 1452759 56445 0 162 0 0 0
cpu2 73823 373 22059 1486642 21859 0 18 0 0 0
cpu3 75850 180 21228 1491057 17754 0 277 0 0 0
2020-10-25 19:01:51.310457508
cpu  300633 1781 85163 5922683 111562 0 943 0 0 0
cpu0 76146 218 21153 1492165 15504 0 484 0 0 0
cpu1 74811 1009 20720 1452779 56445 0 162 0 0 0
cpu2 73824 373 22060 1486661 21859 0 18 0 0 0
cpu3 75851 180 21229 1491076 17754 0 277 0 0 0
2020-10-25 19:01:51.515012469
cpu  300637 1781 85165 5922762 111562 0 943 0 0 0
cpu0 76146 218 21154 1492185 15504 0 484 0 0 0
cpu1 74811 1009 20720 1452798 56445 0 162 0 0 0
cpu2 73826 373 22061 1486681 21859 0 18 0 0 0
cpu3 75852 180 21229 1491096 17754 0 277 0 0 0
2020-10-25 19:01:51.719686016
cpu  300641 1781 85166 5922840 111562 0 943 0 0 0
cpu0 76148 218 21154 1492205 15504 0 484 0 0 0
cpu1 74813 1009 20721 1452817 56445 0 162 0 0 0
cpu2 73827 373 22061 1486701 21859 0 18 0 0 0
cpu3 75852 180 21230 1491116 17754 0 277 0 0 0
2020-10-25 19:01:51.924308213
cpu  300645 1781 85168 5922917 111562 0 943 0 0 0
cpu0 76148 218 21154 1492225 15504 0 484 0 0 0
cpu1 74814 1009 20722 1452836 56445 0 162 0 0 0
cpu2 73828 373 22062 1486720 21859 0 18 0 0 0
cpu3 75853 180 21230 1491135 17754 0 277 0 0 0
2020-10-25 19:01:52.128878168
cpu  300648 1781 85170 5922995 111562 0 943 0 0 0
cpu0 76149 218 21154 1492244 15504 0 484 0 0 0
cpu1 74815 1009 20723 1452855 56445 0 162 0 0 0
cpu2 73829 373 22062 1486739 21859 0 18 0 0 0
cpu3 75854 180 21230 1491154 17754 0 277 0 0 0
2020-10-25 19:01:52.333464315
cpu  300650 1781 85170 5923074 111562 0 943 0 0 0
cpu0 76149 218 21154 1492264 15504 0 484 0 0 0
cpu1 74816 1009 20723 1452875 56445 0 162 0 0 0
cpu2 73830 373 22062 1486759 21859 0 18 0 0 0
cpu3 75854 180 21230 1491174 17754 0 277 0 0 0
2020-10-25 19:01:52.538115033
cpu  300652 1781 85171 5923152 111562 0 943 0 0 0
cpu0 76149 218 21154 1492284 15504 0 484 0 0 0
cpu1 74817 1009 20723 1452894 56445 0 162 0 0 0
cpu2 73830 373 22062 1486779 21859 0 18 0 0 0
cpu3 75855 180 21230 1491194 17754 0 277 0 0 0
2020-10-25 19:01:52.742613576
cpu  300656 1781 85171 5923231 111562 0 943 0 0 0
cpu0 76150 218 21154 1492304 15504 0 484 0 0 0
cpu1 74818 1009 20723 1452914 56445 0 162 0 0 0
cpu2 73831 373 22062 1486798 21859 0 18 0 0 0
cpu3 75856 180 21230 1491213 17754 0 277 0 0 0
2020-10-25 19:01:52.946841209
cpu  300677 1781 85176 5923284 111562 0 943 0 0 0
cpu0 76154 218 21156 1492319 15504 0 484 0 0 0
cpu1 74821 1009 20723 1452929 56445 0 162 0 0 0
cpu2 73841 373 22064 1486806 21859 0 18 0 0 0
cpu3 75860 180 21231 1491228 17754 0 277 0 0 0
2020-10-25 19:01:53.150338461
cpu  300706 1781 85188 5923325 111562 0 943 0 0 0
cpu0 76158 218 21158 1492333 15504 0 484 0 0 0
cpu1 74827 1009 20724 1452943 56445 0 162 0 0 0
cpu2 73855 373 22070 1486806 21859 0 18 0 0 0
cpu3 75865 180 21233 1491242 17754 0 277 0 0 0
2020-10-25 19:01:53.353165098
cpu  300734 1781 85200 5923366 111562 0 943 0 0 0
cpu0 76163 218 21161 1492347 15504 0 484 0 0 0
cpu1 74832 1009 20726 1452956 56445 0 162 0 0 0
cpu2 73869 373 22077 1486806 21859 0 18 0 0 0
cpu3 75870 180 21235 1491255 17754 0 277 0 0 0
2020-10-25 19:01:53.556582614
cpu  300738 1781 85201 5923441 111562 0 943 0 0 0
cpu0 76164 218 21161 1492366 15504 0 484 0 0 0
cpu1 74833 1009 20726 1452975 56445 0 162 0 0 0
cpu2 73869 373 22077 1486826 21859 0 18 0 0 0
cpu3 75871 180 21236 1491274 17754 0 277 0 0 0
2020-10-25 19:01:53.761160947
cpu  300739 1781 85201 5923520 111562 0 943 0 0 0
cpu0 76164 218 21161 1492386 15504 0 484 0 0 0
cpu1 74834 1009 20726 1452994 56445 0 162 0 0 0
cpu2 73870 373 22077 1486845 21859 0 18 0 0 0
cpu3 75871 180 21236 1491294 17754 0 277 0 0 0
2020-10-25 19:01:53.965964310
cpu  300742 1781 85204 5923597 111562 0 943 0 0 0
cpu0 76165 218 21162 1492405 15504 0 484 0 0 0
cpu1 74834 1009 20726 1453013 56445 0 162 0 0 0
cpu2 73870 373 22077 1486865 21859 0 18 0 0 0
cpu3 75872 180 21237 1491313 17754 0 277 0 0 0
2020-10-25 19:01:54.170509707
cpu  300744 1781 85206 5923674 111562 0 943 0 0 0
cpu0 76166 218 21163 1492424 15504 0 484 0 0 0
cpu1 74835 1009 20727 1453033 56445 0 162 0 0 0
cpu2 73870 373 22078 1486884 21859 0 18 0 0 0
cpu3 75872 180 21237 1491331 17754 0 277 0 0 0
2020-10-25 19:01:54.375163181
cpu  300747 1781 85209 5923752 111562 0 943 0 0 0
cpu0 76166 218 21164 1492444 15504 0 484 0 0 0
cpu1 74835 1009 20728 1453052 56445 0 162 0 0 0
cpu2 73870 373 22078 1486904 21859 0 18 0 0 0
cpu3 75874 180 21238 1491350 17754 0 277 0 0 0
2020-10-25 19:01:54.579763389
cpu  300749 1781 85210 5923831 111562 0 943 0 0 0
cpu0 76167 218 21164 1492464 15504 0 484 0 0 0
cpu1 74835 1009 20728 1453072 56445 0 162 0 0 0
cpu2 73870 373 22078 1486924 21859 0 18 0 0 0
cpu3 75875 180 21239 1491369 17754 0 277 0 0 0
2020-10-25 19:01:54.784402583
cpu  300752 1781 85212 5923907 111562 0 943 0 0 0
cpu0 76167 218 21165 1492483 15504 0 484 0 0 0
cpu1 74836 1009 20728 1453091 56445 0 162 0 0 0
cpu2 73871 373 22079 1486943 21859 0 18 0 0 0
cpu3 75876 180 21239 1491388 17754 0 277 0 0 0
2020-10-25 19:01:54.988979047
cpu  300754 1781 85213 5923986 111562 0 943 0 0 0
cpu0 76167 218 21165 1492503 15504 0 484 0 0 0
cpu1 74837 1009 20728 1453111 56445 0 162 0 0 0
cpu2 73871 373 22079 1486963 21859 0 18 0 0 0
cpu3 75878 180 21239 1491407 17754 0 277 0 0 0
2020-10-25 19:01:55.193549395
cpu  300758 1781 85214 5924064 111562 0 943 0 0 0
cpu0 76169 218 21166 1492522 15504 0 484 0 0 0
cpu1 74838 1009 20728 1453130 56445 0 162 0 0 0
cpu2 73871 373 22080 1486983 21859 0 18 0 0 0
cpu3 75879 180 21239 1491427 17754 0 277 0 0 0
2020-10-25 19:01:55.397432528
cpu  300765 1781 85215 5924134 111566 0 943 0 0 0
cpu0 76170 218 21166 1492541 15504 0 484 0 0 0
cpu1 74840 1009 20728 1453148 56445 0 162 0 0 0
cpu2 73872 373 22080 1486999 21862 0 18 0 0 0
cpu3 75883 180 21239 1491445 17754 0 277 0 0 0
2020-10-25 19:01:55.600201257
cpu  300796 1781 85222 5924174 111566 0 943 0 0 0
cpu0 76174 218 21168 1492555 15504 0 484 0 0 0
cpu1 74857 1009 20731 1453148 56445 0 162 0 0 0
cpu2 73877 373 22081 1487012 21862 0 18 0 0 0
cpu3 75888 180 21241 1491458 17754 0 277 0 0 0
2020-10-25 19:01:55.803670686
cpu  300829 1781 85232 5924215 111566 0 943 0 0 0
cpu0 76180 218 21170 1492568 15504 0 484 0 0 0
cpu1 74874 1009 20735 1453148 56445 0 162 0 0 0
cpu2 73882 373 22083 1487026 21862 0 18 0 0 0
cpu3 75892 180 21243 1491472 17754 0 277 0 0 0
2020-10-25 19:01:56.007040591
cpu  300846 1781 85240 5924271 111566 0 943 0 0 0
cpu0 76183 218 21172 1492584 15504 0 484 0 0 0
cpu1 74882 1009 20738 1453157 56445 0 162 0 0 0
cpu2 73884 373 22084 1487042 21862 0 18 0 0 0
cpu3 75895 180 21245 1491487 17754 0 277 0 0 0
2020-10-25 19:01:56.211891195
cpu  300848 1781 85241 5924350 111566 0 943 0 0 0
cpu0 76183 218 21172 1492604 15504 0 484 0 0 0
cpu1 74882 1009 20739 1453176 56445 0 162 0 0 0
cpu2 73885 373 22084 1487062 21862 0 18 0 0 0
cpu3 75896 180 21245 1491507 17754 0 277 0 0 0
2020-10-25 19:01:56.416992522
cpu  300851 1781 85244 5924427 111566 0 943 0 0 0
cpu0 76184 218 21173 1492623 15504 0 484 0 0 0
cpu1 74883 1009 20740 1453196 56445 0 162 0 0 0
cpu2 73886 373 22085 1487081 21862 0 18 0 0 0
cpu3 75897 180 21245 1491525 17754 0 277 0 0 0
2020-10-25 19:01:56.621635339
cpu  300857 1781 85246 5924500 111569 0 943 0 0 0
cpu0 76186 218 21173 1492642 15504 0 484 0 0 0
cpu1 74884 1009 20740 1453212 56448 0 162 0 0 0
cpu2 73887 373 22086 1487100 21862 0 18 0 0 0
cpu3 75898 180 21246 1491543 17754 0 277 0 0 0
2020-10-25 19:01:56.826274189
cpu  300861 1781 85248 5924577 111569 0 943 0 0 0
cpu0 76188 218 21173 1492661 15504 0 484 0 0 0
cpu1 74884 1009 20740 1453232 56448 0 162 0 0 0
cpu2 73887 373 22087 1487120 21862 0 18 0 0 0
cpu3 75900 180 21247 1491562 17754 0 277 0 0 0
2020-10-25 19:01:57.030842391
cpu  300865 1781 85248 5924655 111569 0 943 0 0 0
cpu0 76189 218 21173 1492681 15504 0 484 0 0 0
cpu1 74885 1009 20740 1453251 56448 0 162 0 0 0
cpu2 73888 373 22087 1487140 21862 0 18 0 0 0
cpu3 75902 180 21247 1491581 17754 0 277 0 0 0
2020-10-25 19:01:57.235384915
cpu  300866 1781 85248 5924734 111569 0 943 0 0 0
cpu0 76189 218 21173 1492701 15504 0 484 0 0 0
cpu1 74885 1009 20740 1453272 56448 0 162 0 0 0
cpu2 73889 373 22087 1487159 21862 0 18 0 0 0
cpu3 75902 180 21247 1491601 17754 0 277 0 0 0
2020-10-25 19:01:57.440008592
cpu  300869 1781 85251 5924812 111569 0 943 0 0 0
cpu0 76190 218 21174 1492720 15504 0 484 0 0 0
cpu1 74886 1009 20741 1453291 56448 0 162 0 0 0
cpu2 73890 373 22087 1487179 21862 0 18 0 0 0
cpu3 75902 180 21248 1491621 17754 0 277 0 0 0
2020-10-25 19:01:57.644620727
cpu  300870 1781 85252 5924891 111569 0 943 0 0 0
cpu0 76190 218 21175 1492740 15504 0 484 0 0 0
cpu1 74886 1009 20741 1453311 56448 0 162 0 0 0
cpu2 73890 373 22087 1487199 21862 0 18 0 0 0
cpu3 75903 180 21248 1491640 17754 0 277 0 0 0
2020-10-25 19:01:57.849762271
cpu  300876 1781 85253 5924964 111569 0 943 0 0 0
cpu0 76192 218 21176 1492757 15504 0 484 0 0 0
cpu1 74886 1009 20741 1453330 56448 0 162 0 0 0
cpu2 73892 373 22087 1487217 21862 0 18 0 0 0
cpu3 75906 180 21248 1491659 17754 0 277 0 0 0
2020-10-25 19:01:58.057835718
cpu  300909 1781 85261 5925006 111569 0 943 0 0 0
cpu0 76203 218 21178 1492764 15504 0 484 0 0 0
cpu1 74892 1009 20742 1453345 56448 0 162 0 0 0
cpu2 73902 373 22091 1487224 21862 0 18 0 0 0
cpu3 75912 180 21249 1491672 17754 0 277 0 0 0
2020-10-25 19:01:58.261093437
cpu  300941 1781 85272 5925047 111569 0 943 0 0 0
cpu0 76218 218 21183 1492764 15504 0 484 0 0 0
cpu1 74897 1009 20744 1453359 56448 0 162 0 0 0
cpu2 73907 373 22093 1487237 21862 0 18 0 0 0
cpu3 75917 180 21251 1491685 17754 0 277 0 0 0
2020-10-25 19:01:58.464543409
cpu  300962 1781 85276 5925104 111569 0 943 0 0 0
cpu0 76228 218 21186 1492773 15504 0 484 0 0 0
cpu1 74902 1009 20744 1453375 56448 0 162 0 0 0
cpu2 73910 373 22093 1487253 21862 0 18 0 0 0
cpu3 75921 180 21252 1491701 17754 0 277 0 0 0
2020-10-25 19:01:58.669047694
cpu  300964 1781 85277 5925183 111569 0 943 0 0 0
cpu0 76228 218 21187 1492793 15504 0 484 0 0 0
cpu1 74903 1009 20744 1453394 56448 0 162 0 0 0
cpu2 73910 373 22093 1487274 21862 0 18 0 0 0
cpu3 75921 180 21252 1491721 17754 0 277 0 0 0
2020-10-25 19:01:58.873732769
cpu  300968 1781 85278 5925258 111569 0 943 0 0 0
cpu0 76229 218 21187 1492812 15504 0 484 0 0 0
cpu1 74905 1009 20744 1453412 56448 0 162 0 0 0
cpu2 73911 373 22093 1487293 21862 0 18 0 0 0
cpu3 75922 180 21252 1491740 17754 0 277 0 0 0
2020-10-25 19:01:59.078540805
cpu  300972 1781 85278 5925336 111569 0 943 0 0 0
cpu0 76230 218 21187 1492831 15504 0 484 0 0 0
cpu1 74906 1009 20744 1453432 56448 0 162 0 0 0
cpu2 73912 373 22094 1487313 21862 0 18 0 0 0
cpu3 75923 180 21252 1491759 17754 0 277 0 0 0
2020-10-25 19:01:59.283128206
cpu  300973 1781 85280 5925414 111569 0 943 0 0 0
cpu0 76230 218 21187 1492850 15504 0 484 0 0 0
cpu1 74906 1009 20745 1453451 56448 0 162 0 0 0
cpu2 73912 373 22094 1487333 21862 0 18 0 0 0
cpu3 75923 180 21253 1491779 17754 0 277 0 0 0
2020-10-25 19:01:59.487747090
cpu  300977 1781 85282 5925492 111569 0 943 0 0 0
cpu0 76230 218 21188 1492870 15504 0 484 0 0 0
cpu1 74908 1009 20746 1453470 56448 0 162 0 0 0
cpu2 73913 373 22095 1487352 21862 0 18 0 0 0
cpu3 75924 180 21253 1491798 17754 0 277 0 0 0
2020-10-25 19:01:59.692307940
cpu  300978 1781 85283 5925572 111569 0 943 0 0 0
cpu0 76230 218 21188 1492890 15504 0 484 0 0 0
cpu1 74908 1009 20746 1453490 56448 0 162 0 0 0
cpu2 73913 373 22095 1487372 21862 0 18 0 0 0
cpu3 75925 180 21253 1491817 17754 0 277 0 0 0
2020-10-25 19:01:59.896911452
cpu  300984 1781 85285 5925647 111569 0 943 0 0 0
cpu0 76232 218 21188 1492909 15504 0 484 0 0 0
cpu1 74910 1009 20747 1453509 56448 0 162 0 0 0
cpu2 73914 373 22095 1487392 21862 0 18 0 0 0
cpu3 75927 180 21254 1491836 17754 0 277 0 0 0
2020-10-25 19:02:00.101483499
cpu  300988 1781 85285 5925724 111569 0 943 0 0 0
cpu0 76232 218 21188 1492929 15504 0 484 0 0 0
cpu1 74912 1009 20747 1453527 56448 0 162 0 0 0
cpu2 73915 373 22095 1487411 21862 0 18 0 0 0
cpu3 75927 180 21254 1491856 17754 0 277 0 0 0
2020-10-25 19:02:00.306094500
cpu  300992 1781 85286 5925802 111569 0 943 0 0 0
cpu0 76233 218 21188 1492949 15504 0 484 0 0 0
cpu1 74913 1009 20748 1453546 56448 0 162 0 0 0
cpu2 73917 373 22095 1487430 21862 0 18 0 0 0
cpu3 75928 180 21254 1491875 17754 0 277 0 0 0
2020-10-25 19:02:00.510636065
cpu  300995 1781 85287 5925881 111569 0 943 0 0 0
cpu0 76233 218 21188 1492969 15504 0 484 0 0 0
cpu1 74915 1009 20748 1453566 56448 0 162 0 0 0
cpu2 73917 373 22096 1487450 21862 0 18 0 0 0
cpu3 75929 180 21254 1491895 17754 0 277 0 0 0
2020-10-25 19:02:00.715207247
cpu  301002 1781 85289 5925952 111569 0 943 0 0 0
cpu0 76234 218 21188 1492987 15504 0 484 0 0 0
cpu1 74918 1009 20749 1453582 56448 0 162 0 0 0
cpu2 73918 373 22096 1487469 21862 0 18 0 0 0
cpu3 75931 180 21255 1491912 17754 0 277 0 0 0
2020-10-25 19:02:00.918486155
cpu  301030 1781 85301 5925992 111569 0 943 0 0 0
cpu0 76239 218 21190 1493001 15504 0 484 0 0 0
cpu1 74933 1009 20754 1453582 56448 0 162 0 0 0
cpu2 73921 373 22098 1487483 21862 0 18 0 0 0
cpu3 75936 180 21258 1491925 17754 0 277 0 0 0
2020-10-25 19:02:01.121703082
cpu  301063 1781 85310 5926033 111569 0 943 0 0 0
cpu0 76244 218 21191 1493014 15504 0 484 0 0 0
cpu1 74949 1009 20759 1453582 56448 0 162 0 0 0
cpu2 73928 373 22100 1487496 21862 0 18 0 0 0
cpu3 75941 180 21259 1491939 17754 0 277 0 0 0
2020-10-25 19:02:01.325187905
cpu  301079 1781 85314 5926092 111569 0 943 0 0 0
cpu0 76247 218 21191 1493031 15504 0 484 0 0 0
cpu1 74957 1009 20761 1453592 56448 0 162 0 0 0
cpu2 73930 373 22101 1487513 21862 0 18 0 0 0
cpu3 75943 180 21260 1491956 17754 0 277 0 0 0
2020-10-25 19:02:01.529811935
cpu  301080 1781 85314 5926171 111569 0 943 0 0 0
cpu0 76248 218 21191 1493051 15504 0 484 0 0 0
cpu1 74958 1009 20761 1453611 56448 0 162 0 0 0
cpu2 73930 373 22101 1487532 21862 0 18 0 0 0
cpu3 75944 180 21260 1491975 17754 0 277 0 0 0
2020-10-25 19:02:01.734415406
cpu  301084 1781 85316 5926250 111569 0 943 0 0 0
cpu0 76248 218 21192 1493070 15504 0 484 0 0 0
cpu1 74958 1009 20761 1453631 56448 0 162 0 0 0
cpu2 73932 373 22101 1487552 21862 0 18 0 0 0
cpu3 75944 180 21261 1491995 17754 0 277 0 0 0
2020-10-25 19:02:01.939009621
cpu  301085 1781 85318 5926324 111573 0 943 0 0 0
cpu0 76249 218 21192 1493089 15504 0 484 0 0 0
cpu1 74958 1009 20762 1453651 56448 0 162 0 0 0
cpu2 73932 373 22101 1487572 21862 0 18 0 0 0
cpu3 75945 180 21261 1492011 17758 0 277 0 0 0
2020-10-25 19:02:02.143622312
cpu  301087 1781 85318 5926404 111573 0 943 0 0 0
cpu0 76250 218 21192 1493109 15504 0 484 0 0 0
cpu1 74958 1009 20762 1453671 56448 0 162 0 0 0
cpu2 73932 373 22101 1487592 21862 0 18 0 0 0
cpu3 75946 180 21262 1492030 17758 0 277 0 0 0
2020-10-25 19:02:02.348213752
cpu  301088 1781 85318 5926483 111573 0 943 0 0 0
cpu0 76250 218 21192 1493129 15504 0 484 0 0 0
cpu1 74959 1009 20762 1453690 56448 0 162 0 0 0
cpu2 73932 373 22101 1487612 21862 0 18 0 0 0
cpu3 75946 180 21262 1492050 17758 0 277 0 0 0
2020-10-25 19:02:02.552802026
cpu  301090 1781 85320 5926561 111573 0 943 0 0 0
cpu0 76250 218 21193 1493149 15504 0 484 0 0 0
cpu1 74959 1009 20762 1453710 56448 0 162 0 0 0
cpu2 73932 373 22102 1487631 21862 0 18 0 0 0
cpu3 75947 180 21262 1492069 17758 0 277 0 0 0
2020-10-25 19:02:02.757413214
cpu  301093 1781 85322 5926636 111573 0 943 0 0 0
cpu0 76250 218 21193 1493167 15504 0 484 0 0 0
cpu1 74960 1009 20763 1453729 56448 0 162 0 0 0
cpu2 73933 373 22102 1487650 21862 0 18 0 0 0
cpu3 75949 180 21263 1492088 17758 0 277 0 0 0
2020-10-25 19:02:02.961305976
cpu  301100 1781 85326 5926706 111573 0 943 0 0 0
cpu0 76253 218 21194 1493185 15504 0 484 0 0 0
cpu1 74963 1009 20764 1453745 56448 0 162 0 0 0
cpu2 73934 373 22104 1487668 21862 0 18 0 0 0
cpu3 75950 180 21263 1492106 17758 0 277 0 0 0
2020-10-25 19:02:03.164932075
cpu  301101 1781 85328 5926783 111573 0 944 0 0 0
cpu0 76253 218 21196 1493204 15504 0 484 0 0 0
cpu1 74963 1009 20764 1453764 56448 0 162 0 0 0
cpu2 73934 373 22104 1487688 21862 0 18 0 0 0
cpu3 75950 180 21263 1492126 17758 0 278 0 0 0
2020-10-25 19:02:03.369524849
cpu  301104 1781 85329 5926861 111573 0 944 0 0 0
cpu0 76253 218 21196 1493224 15504 0 484 0 0 0
cpu1 74965 1009 20764 1453784 56448 0 162 0 0 0
cpu2 73934 373 22104 1487707 21862 0 18 0 0 0
cpu3 75950 180 21264 1492145 17758 0 278 0 0 0
2020-10-25 19:02:03.574162259
cpu  301109 1781 85330 5926935 111573 0 944 0 0 0
cpu0 76253 218 21196 1493242 15504 0 484 0 0 0
cpu1 74968 1009 20764 1453802 56448 0 162 0 0 0
cpu2 73936 373 22105 1487726 21862 0 18 0 0 0
cpu3 75951 180 21264 1492164 17758 0 278 0 0 0
2020-10-25 19:02:03.778729446
cpu  301113 1781 85332 5927012 111573 0 944 0 0 0
cpu0 76255 218 21196 1493261 15504 0 484 0 0 0
cpu1 74968 1009 20764 1453821 56448 0 162 0 0 0
cpu2 73937 373 22105 1487745 21862 0 18 0 0 0
cpu3 75952 180 21265 1492183 17758 0 278 0 0 0
2020-10-25 19:02:03.983321164
cpu  301114 1781 85333 5927091 111573 0 944 0 0 0
cpu0 76256 218 21196 1493281 15504 0 484 0 0 0
cpu1 74968 1009 20765 1453841 56448 0 162 0 0 0
cpu2 73937 373 22105 1487765 21862 0 18 0 0 0
cpu3 75952 180 21265 1492203 17758 0 278 0 0 0
2020-10-25 19:02:04.187913758
cpu  301116 1781 85334 5927170 111573 0 944 0 0 0
cpu0 76256 218 21196 1493301 15504 0 484 0 0 0
cpu1 74968 1009 20765 1453861 56448 0 162 0 0 0
cpu2 73937 373 22106 1487785 21862 0 18 0 0 0
cpu3 75953 180 21266 1492222 17758 0 278 0 0 0
2020-10-25 19:02:04.392464593
cpu  301118 1781 85335 5927248 111573 0 944 0 0 0
cpu0 76257 218 21196 1493320 15504 0 484 0 0 0
cpu1 74969 1009 20766 1453881 56448 0 162 0 0 0
cpu2 73938 373 22106 1487805 21862 0 18 0 0 0
cpu3 75954 180 21266 1492241 17758 0 278 0 0 0
2020-10-25 19:02:04.597089925
cpu  301122 1781 85337 5927325 111573 0 944 0 0 0
cpu0 76257 218 21197 1493340 15504 0 484 0 0 0
cpu1 74969 1009 20766 1453900 56448 0 162 0 0 0
cpu2 73940 373 22106 1487824 21862 0 18 0 0 0
cpu3 75954 180 21266 1492260 17758 0 278 0 0 0
2020-10-25 19:02:04.801719634
cpu  301125 1781 85338 5927403 111573 0 944 0 0 0
cpu0 76257 218 21197 1493359 15504 0 484 0 0 0
cpu1 74970 1009 20766 1453919 56448 0 162 0 0 0
cpu2 73942 373 22106 1487843 21862 0 18 0 0 0
cpu3 75955 180 21266 1492280 17758 0 278 0 0 0
2020-10-25 19:02:05.006340860
cpu  301126 1781 85338 5927467 111588 0 944 0 0 0
cpu0 76257 218 21198 1493379 15504 0 484 0 0 0
cpu1 74970 1009 20767 1453924 56463 0 162 0 0 0
cpu2 73942 373 22106 1487863 21862 0 18 0 0 0
cpu3 75956 180 21266 1492300 17758 0 278 0 0 0
2020-10-25 19:02:05.210867327
cpu  301129 1781 85340 5927545 111588 0 944 0 0 0
cpu0 76258 218 21198 1493399 15504 0 484 0 0 0
cpu1 74971 1009 20767 1453943 56463 0 162 0 0 0
cpu2 73942 373 22108 1487882 21862 0 18 0 0 0
cpu3 75956 180 21266 1492319 17758 0 278 0 0 0
2020-10-25 19:02:05.415431944
cpu  301130 1781 85340 5927624 111588 0 944 0 0 0
cpu0 76258 218 21198 1493419 15504 0 484 0 0 0
cpu1 74972 1009 20767 1453963 56463 0 162 0 0 0
cpu2 73942 373 22108 1487902 21862 0 18 0 0 0
cpu3 75957 180 21267 1492339 17758 0 278 0 0 0
2020-10-25 19:02:05.620031511
cpu  301133 1781 85341 5927703 111588 0 944 0 0 0
cpu0 76258 218 21198 1493439 15504 0 484 0 0 0
cpu1 74972 1009 20768 1453983 56463 0 162 0 0 0
cpu2 73942 373 22108 1487922 21862 0 18 0 0 0
cpu3 75958 180 21267 1492358 17758 0 278 0 0 0
2020-10-25 19:02:05.824675708
cpu  301135 1781 85342 5927781 111588 0 944 0 0 0
cpu0 76259 218 21198 1493458 15504 0 484 0 0 0
cpu1 74974 1009 20768 1454002 56463 0 162 0 0 0
cpu2 73943 373 22108 1487941 21862 0 18 0 0 0
cpu3 75958 180 21267 1492378 17758 0 278 0 0 0
2020-10-25 19:02:06.029209518
cpu  301136 1781 85342 5927860 111588 0 944 0 0 0
cpu0 76260 218 21198 1493478 15504 0 484 0 0 0
cpu1 74974 1009 20768 1454022 56463 0 162 0 0 0
cpu2 73943 373 22108 1487961 21862 0 18 0 0 0
cpu3 75958 180 21267 1492398 17758 0 278 0 0 0
2020-10-25 19:02:06.233779399
cpu  301139 1781 85342 5927939 111588 0 944 0 0 0
cpu0 76261 218 21198 1493498 15504 0 484 0 0 0
cpu1 74975 1009 20768 1454041 56463 0 162 0 0 0
cpu2 73943 373 22108 1487981 21862 0 18 0 0 0
cpu3 75959 180 21267 1492418 17758 0 278 0 0 0
2020-10-25 19:02:06.438321428
cpu  301140 1781 85343 5928018 111588 0 944 0 0 0
cpu0 76261 218 21198 1493518 15504 0 484 0 0 0
cpu1 74976 1009 20768 1454061 56463 0 162 0 0 0
cpu2 73943 373 22108 1488001 21862 0 18 0 0 0
cpu3 75959 180 21268 1492437 17758 0 278 0 0 0
2020-10-25 19:02:06.642812676
cpu  301142 1781 85344 5928097 111588 0 944 0 0 0
cpu0 76261 218 21198 1493538 15504 0 484 0 0 0
cpu1 74977 1009 20768 1454080 56463 0 162 0 0 0
cpu2 73944 373 22109 1488021 21862 0 18 0 0 0
cpu3 75960 180 21268 1492457 17758 0 278 0 0 0
2020-10-25 19:02:06.847403090
cpu  301144 1781 85344 5928175 111588 0 944 0 0 0
cpu0 76261 218 21198 1493558 15504 0 484 0 0 0
cpu1 74978 1009 20768 1454100 56463 0 162 0 0 0
cpu2 73944 373 22110 1488040 21862 0 18 0 0 0
cpu3 75961 180 21268 1492476 17758 0 278 0 0 0
2020-10-25 19:02:07.052044146
cpu  301147 1781 85346 5928253 111588 0 944 0 0 0
cpu0 76262 218 21198 1493577 15504 0 484 0 0 0
cpu1 74978 1009 20768 1454119 56463 0 162 0 0 0
cpu2 73944 373 22110 1488059 21862 0 18 0 0 0
cpu3 75962 180 21268 1492495 17758 0 278 0 0 0
2020-10-25 19:02:07.256662479
cpu  301149 1781 85346 5928331 111588 0 944 0 0 0
cpu0 76262 218 21198 1493597 15504 0 484 0 0 0
cpu1 74980 1009 20768 1454139 56463 0 162 0 0 0
cpu2 73944 373 22110 1488079 21862 0 18 0 0 0
cpu3 75962 180 21268 1492515 17758 0 278 0 0 0
